10 Apr 2022 | 11:08:40,618 | INFO  | main | ezyfoxserver.embedded.EzyEmbeddedStarter |     | settings: 
{
    "settings": {
        "nodeName": "ezyfox",
        "udp": {
            "channelPoolSize": 16,
            "codecCreator": "com.tvd12.ezyfox.codec.MsgPackCodecCreator",
            "address": "0.0.0.0",
            "maxRequestSize": 1024,
            "port": 2611,
            "active": false,
            "handlerThreadPoolSize": 5
        },
        "debug": false,
        "maxSessions": 999999,
        "sessionManagement": {
            "sessionMaxRequestPerSecond": {
                "action": "DROP_REQUEST",
                "value": 15
            },
            "sessionMaxIdleTime": 30000,
            "sessionMaxWaitingTimeInSecond": 30,
            "sessionMaxIdleTimeInSecond": 30,
            "sessionMaxWaitingTime": 30000
        },
        "logger": {
            "ignoredCommands": "[PONG, PING]"
        },
        "zones": {
            "size": 1,
            "zones": [{
                    "maxUsers": 999999,
                    "userManagement": {
                        "allowGuestLogin": false,
                        "userMaxIdleTime": 0,
                        "allowChangeSession": true,
                        "guestNamePrefix": "Guest#",
                        "maxSessionPerUser": 5,
                        "userMaxIdleTimeInSecond": 0,
                        "userNamePattern": "^[a-zA-Z0-9_.#]{3,64}$"
                    },
                    "streaming": {
                        "enable": false
                    },
                    "plugins": {
                        "size": 1,
                        "plugins": [{
                                "listenEvents": "[USER_LOGIN]",
                                "folder": "EzyCard",
                                "threadPoolSize": 0,
                                "configFile": "",
                                "name": "EzyCard",
                                "activeProfiles": null,
                                "entryLoader": "org.youngmonkeys.ApplicationStartup$DecoratedPluginEntryLoader",
                                "id": 1,
                                "packageName": null,
                                "priority": 0
                            }]
                    },
                    "configFile": "",
                    "name": "EzyCard",
                    "id": 1,
                    "eventControllers": {
                        "eventControllers": []
                    },
                    "applications": {
                        "size": 1,
                        "apps": [{
                                "maxUsers": 999999,
                                "folder": "EzyCard",
                                "threadPoolSize": 0,
                                "configFile": "",
                                "name": "EzyCard",
                                "activeProfiles": null,
                                "entryLoader": "org.youngmonkeys.ApplicationStartup$DecoratedAppEntryLoader",
                                "id": 1,
                                "packageName": null
                            }]
                    }
                }]
        },
        "eventControllers": {
            "eventControllers": []
        },
        "streaming": {
            "enable": false
        },
        "threadPoolSize": {
            "extensionRequestHandler": 8,
            "socketUserRemovalHandler": 3,
            "streamHandler": 8,
            "socketDisconnectionHandler": 2,
            "socketDataReceiver": 8,
            "statistics": 1,
            "systemRequestHandler": 8
        },
        "websocket": {
            "codecCreator": "com.tvd12.ezyfox.codec.JacksonCodecCreator",
            "address": "0.0.0.0",
            "sslConfig": {
                "file": "ssl-config.properties",
                "loader": "com.tvd12.ezyfoxserver.ssl.EzySimpleSslConfigLoader",
                "contextFactoryBuilder": "com.tvd12.ezyfoxserver.ssl.EzySimpleSslContextFactoryBuilder"
            },
            "port": 2208,
            "sslActive": false,
            "active": true,
            "sslPort": 2812,
            "maxFrameSize": 2048,
            "managementEnable": false,
            "writerThreadPoolSize": 8
        },
        "socket": {
            "codecCreator": "com.tvd12.ezyfox.codec.MsgPackCodecCreator",
            "address": "0.0.0.0",
            "maxRequestSize": 4096,
            "port": 3005,
            "sslActive": false,
            "active": true,
            "tcpNoDelay": false,
            "writerThreadPoolSize": 8
        },
        "admins": {
            "count": 0,
            "admins": []
        }
    },
    "version": "1.0.0",
    "config": {
        "loggerConfigFile": "default",
        "enableAppClassLoader": false,
        "ezyfoxHome": ""
    }
}
10 Apr 2022 | 11:08:40,949 | INFO  | main | tvd12.ezyfoxserver.EzyZonesStarter |     | start zones: [EzyCard]
10 Apr 2022 | 11:08:40,953 | INFO  | main | tvd12.ezyfoxserver.EzyZonesStarter |     | start all plugins ...
10 Apr 2022 | 11:08:40,956 | INFO  | main | tvd12.ezyfoxserver.EzyPluginsStarter |     | start plugins: [EzyCard]
10 Apr 2022 | 11:08:40,963 | INFO  | main | org.youngmonkeys.ApplicationStartup$DecoratedPluginEntryLoader$1 |     | 
=================== EzyCard PLUGIN START CONFIG ================

10 Apr 2022 | 11:08:41,147 | INFO  | main | bean.impl.EzySimpleBeanContext$Builder |     | active profiles: null
10 Apr 2022 | 11:08:42,114 | INFO  | main | org.youngmonkeys.ApplicationStartup$DecoratedPluginEntryLoader$1 |     | add  event SERVER_READY controller org.youngmonkeys.plugin.controller.ServerReadyController@5827af16
10 Apr 2022 | 11:08:42,114 | INFO  | main | org.youngmonkeys.ApplicationStartup$DecoratedPluginEntryLoader$1 |     | add  event USER_LOGIN controller org.youngmonkeys.plugin.controller.UserLoginController@207ea13
10 Apr 2022 | 11:08:42,121 | INFO  | main | org.youngmonkeys.ApplicationStartup$DecoratedPluginEntryLoader$1 |     | 
=================== EzyCard PLUGIN END CONFIG ================

10 Apr 2022 | 11:08:42,121 | INFO  | main | tvd12.ezyfoxserver.EzyZonesStarter |     | start all apps ...
10 Apr 2022 | 11:08:42,122 | INFO  | main | tvd12.ezyfoxserver.EzyAppsStarter |     | start apps: [EzyCard]
10 Apr 2022 | 11:08:42,125 | INFO  | main | org.youngmonkeys.ApplicationStartup$DecoratedAppEntryLoader$1 |     | 
=================== EzyCard APP START CONFIG ================

10 Apr 2022 | 11:08:42,199 | INFO  | main | bean.impl.EzySimpleBeanContext$Builder |     | active profiles: null
10 Apr 2022 | 11:08:42,260 | INFO  | main | org.youngmonkeys.ApplicationStartup$DecoratedAppEntryLoader$1 |     | add  event SERVER_READY controller org.youngmonkeys.app.controller.ServerReadyController@52b56a3e
10 Apr 2022 | 11:08:42,278 | INFO  | main | org.youngmonkeys.ApplicationStartup$DecoratedAppEntryLoader$1 |     | 
=================== EzyCard APP END CONFIG ================

10 Apr 2022 | 11:08:42,335 | INFO  | main | jetty.util.log |     | Logging initialized @2134ms to org.eclipse.jetty.util.log.Slf4jLog
10 Apr 2022 | 11:08:42,428 | INFO  | main | jetty.server.Server |     | jetty-9.4.43.v20210629; built: 2021-06-30T11:07:22.254Z; git: 526006ecfa3af7f1a27ef3a288e2bef7ea9dd7e8; jvm 1.8.0_301-b09
10 Apr 2022 | 11:08:42,488 | INFO  | main | server.handler.ContextHandler |     | Started o.e.j.s.h.ContextHandler@a50b09c{/ws,null,AVAILABLE}
10 Apr 2022 | 11:08:42,496 | INFO  | main | jetty.server.AbstractConnector |     | Started ServerConnector@687a762c{HTTP/1.1, (http/1.1)}{0.0.0.0:2208}
10 Apr 2022 | 11:08:42,497 | INFO  | main | jetty.server.Server |     | Started @2295ms
10 Apr 2022 | 11:08:42,504 | INFO  | main | ezyfoxserver.nio.EzyNioServerBootstrap |     | 

  ______ ________     ________ ______   __           _____  ______          _______     __
 |  ____|___  /\ \   / /  ____/ __ \ \ / /          |  __ \|  ____|   /\   |  __ \ \   / /
 | |__     / /  \ \_/ /| |__ | |  | \ V /   ______  | |__) | |__     /  \  | |  | \ \_/ / 
 |  __|   / /    \   / |  __|| |  | |> <   |______| |  _  /|  __|   / /\ \ | |  | |\   /  
 | |____ / /__    | |  | |   | |__| / . \           | | \ \| |____ / ____ \| |__| | | |   
 |______/_____|   |_|  |_|    \____/_/ \_\          |_|  \_\______/_/    \_\_____/  |_|   
                                                                                          
                                                                                          


10 Apr 2022 | 11:08:42,505 | INFO  | main | plugin.controller.ServerReadyController |     | EzyCard plugin: fire custom app ready
10 Apr 2022 | 11:08:42,505 | INFO  | main | app.controller.ServerReadyController |     | EzyCard app: fire custom app ready
10 Apr 2022 | 11:08:53,668 | INFO  | ezyfox-socket-reader-12-1 | wrapper.impl.EzyNioSessionManagerImpl |     | provide session: Session#1(owner: null, address: /127.0.0.1:63809), sessions size = 1
10 Apr 2022 | 11:08:53,770 | INFO  | ezyfox-system-request-handler-15-2 | plugin.controller.UserLoginController |     | Welcome test! login in
10 Apr 2022 | 11:08:53,877 | INFO  | ezyfox-system-request-handler-15-2 | plugin.controller.UserLoginController |     | user and password match, accept user test
10 Apr 2022 | 11:08:53,880 | INFO  | ezyfox-system-request-handler-15-2 | wrapper.impl.EzyZoneUserManagerImpl |     | zone: EzyCard add user: test, locks.size = 1, usersById.size = 1, usersByName.size = 1
10 Apr 2022 | 11:08:53,894 | INFO  | ezyfox-system-request-handler-15-3 | wrapper.impl.EzyAppUserManagerImpl |     | app: EzyCard add user: test, locks.size = 1, usersById.size = 1, usersByName.size = 1
10 Apr 2022 | 11:09:14,800 | INFO  | ezyfox-disconnection-handler-17-1 | wrapper.impl.EzyNioSessionManagerImpl |     | remove session: Session#1(owner: test, address: /127.0.0.1:63809), remain sessions = 0, login sessions = 0, sessions by id = 0, sessions by connection = 0
10 Apr 2022 | 11:09:14,801 | INFO  | ezyfox-disconnection-handler-17-1 | command.impl.EzyCloseSessionImpl |     | close session: /127.0.0.1:63809, reason: UNKNOWN
10 Apr 2022 | 11:09:14,802 | INFO  | ezyfox-disconnection-handler-17-1 | wrapper.impl.EzyZoneUserManagerImpl |     | zone: EzyCard remove user: test, locks.size = 0, usersById.size = 0, usersByName.size = 0
10 Apr 2022 | 11:09:14,803 | INFO  | ezyfox-user-removal-handler-18-1 | wrapper.impl.EzyAppUserManagerImpl |     | app: EzyCard remove user: test, locks.size = 0, usersById.size = 0, usersByName.size = 0
10 Apr 2022 | 11:09:36,907 | INFO  | ezyfox-socket-reader-12-1 | wrapper.impl.EzyNioSessionManagerImpl |     | provide session: Session#2(owner: null, address: /127.0.0.1:64006), sessions size = 1
10 Apr 2022 | 11:09:36,931 | INFO  | ezyfox-system-request-handler-15-5 | plugin.controller.UserLoginController |     | Welcome test! login in
10 Apr 2022 | 11:09:36,933 | INFO  | ezyfox-system-request-handler-15-5 | plugin.controller.UserLoginController |     | user and password match, accept user test
10 Apr 2022 | 11:09:36,933 | INFO  | ezyfox-system-request-handler-15-5 | wrapper.impl.EzyZoneUserManagerImpl |     | zone: EzyCard add user: test, locks.size = 1, usersById.size = 1, usersByName.size = 1
10 Apr 2022 | 11:09:36,939 | INFO  | ezyfox-system-request-handler-15-6 | wrapper.impl.EzyAppUserManagerImpl |     | app: EzyCard add user: test, locks.size = 1, usersById.size = 1, usersByName.size = 1
10 Apr 2022 | 11:09:54,952 | INFO  | ezyfox-disconnection-handler-17-2 | wrapper.impl.EzyNioSessionManagerImpl |     | remove session: Session#2(owner: test, address: /127.0.0.1:64006), remain sessions = 0, login sessions = 0, sessions by id = 0, sessions by connection = 0
10 Apr 2022 | 11:09:54,953 | INFO  | ezyfox-disconnection-handler-17-2 | command.impl.EzyCloseSessionImpl |     | close session: /127.0.0.1:64006, reason: UNKNOWN
10 Apr 2022 | 11:09:54,954 | INFO  | ezyfox-disconnection-handler-17-2 | wrapper.impl.EzyZoneUserManagerImpl |     | zone: EzyCard remove user: test, locks.size = 0, usersById.size = 0, usersByName.size = 0
10 Apr 2022 | 11:09:54,955 | INFO  | ezyfox-user-removal-handler-18-2 | wrapper.impl.EzyAppUserManagerImpl |     | app: EzyCard remove user: test, locks.size = 0, usersById.size = 0, usersByName.size = 0
10 Apr 2022 | 11:11:20,876 | INFO  | ezyfox-socket-reader-12-1 | wrapper.impl.EzyNioSessionManagerImpl |     | provide session: Session#3(owner: null, address: /127.0.0.1:64491), sessions size = 1
10 Apr 2022 | 11:11:20,899 | INFO  | ezyfox-system-request-handler-15-8 | plugin.controller.UserLoginController |     | Welcome test! login in
10 Apr 2022 | 11:11:20,900 | INFO  | ezyfox-system-request-handler-15-8 | plugin.controller.UserLoginController |     | user and password match, accept user test
10 Apr 2022 | 11:11:20,900 | INFO  | ezyfox-system-request-handler-15-8 | wrapper.impl.EzyZoneUserManagerImpl |     | zone: EzyCard add user: test, locks.size = 1, usersById.size = 1, usersByName.size = 1
10 Apr 2022 | 11:11:20,911 | INFO  | ezyfox-system-request-handler-15-1 | wrapper.impl.EzyAppUserManagerImpl |     | app: EzyCard add user: test, locks.size = 1, usersById.size = 1, usersByName.size = 1
10 Apr 2022 | 11:11:41,920 | INFO  | ezyfox-disconnection-handler-17-1 | wrapper.impl.EzyNioSessionManagerImpl |     | remove session: Session#3(owner: test, address: /127.0.0.1:64491), remain sessions = 0, login sessions = 0, sessions by id = 0, sessions by connection = 0
10 Apr 2022 | 11:11:41,920 | INFO  | ezyfox-disconnection-handler-17-1 | command.impl.EzyCloseSessionImpl |     | close session: /127.0.0.1:64491, reason: UNKNOWN
10 Apr 2022 | 11:11:41,920 | INFO  | ezyfox-disconnection-handler-17-1 | wrapper.impl.EzyZoneUserManagerImpl |     | zone: EzyCard remove user: test, locks.size = 0, usersById.size = 0, usersByName.size = 0
10 Apr 2022 | 11:11:41,921 | INFO  | ezyfox-user-removal-handler-18-3 | wrapper.impl.EzyAppUserManagerImpl |     | app: EzyCard remove user: test, locks.size = 0, usersById.size = 0, usersByName.size = 0
